The system is: Linux - 3.10.0-693.el7.x86_64 - x86_64
Compiling the CXX compiler identification source file "CMakeCXXCompilerId.cpp" succeeded.
Compiler: /share/group-soft/gcc-9.1/gcc-install/bin/c++ 
Build flags: 
Id flags:  

The output was:
0


Compilation of the CXX compiler identification source "CMakeCXXCompilerId.cpp" produced "a.out"

The CXX compiler identification is GNU, found in "/group/zyl/program/reann/code/reann/lammps-interface/build/CMakeFiles/3.19.3/CompilerIdCXX/a.out"

Detecting CXX compiler ABI info compiled with the following output:
Change Dir: /group/zyl/program/reann/code/reann/lammps-interface/build/CMakeFiles/CMakeTmp

Run Build Command(s):/usr/bin/gmake cmTC_7cd22/fast && /usr/bin/gmake  -f CMakeFiles/cmTC_7cd22.dir/build.make CMakeFiles/cmTC_7cd22.dir/build
gmake[1]: Entering directory `/group/zyl/program/reann/code/reann/lammps-interface/build/CMakeFiles/CMakeTmp'
Building CXX object CMakeFiles/cmTC_7cd22.dir/CMakeCXXCompilerABI.cpp.o
/share/group-soft/gcc-9.1/gcc-install/bin/c++   -v -o CMakeFiles/cmTC_7cd22.dir/CMakeCXXCompilerABI.cpp.o -c /usr/local/share/cmake-3.19/Modules/CMakeCXXCompilerABI.cpp
Using built-in specs.
COLLECT_GCC=/share/group-soft/gcc-9.1/gcc-install/bin/c++
Target: x86_64-pc-linux-gnu
Configured with: ../configure --disable-checking --enable-languages=c,c++,fortran --disable-multilib --prefix=/share/group-soft/gcc-9.1/gcc-install/ --enable-threads=posix
Thread model: posix
gcc version 9.1.0 (GCC) 
COLLECT_GCC_OPTIONS='-v' '-o' 'CMakeFiles/cmTC_7cd22.dir/CMakeCXXCompilerABI.cpp.o' '-c' '-shared-libgcc' '-mtune=generic' '-march=x86-64'
 /share/group-soft/gcc-9.1/gcc-install/libexec/gcc/x86_64-pc-linux-gnu/9.1.0/cc1plus -quiet -v -D_GNU_SOURCE /usr/local/share/cmake-3.19/Modules/CMakeCXXCompilerABI.cpp -quiet -dumpbase CMakeCXXCompilerABI.cpp -mtune=generic -march=x86-64 -auxbase-strip CMakeFiles/cmTC_7cd22.dir/CMakeCXXCompilerABI.cpp.o -version -o /tmp/ccc96HnL.s
GNU C++14 (GCC) version 9.1.0 (x86_64-pc-linux-gnu)
	compiled by GNU C version 9.1.0, GMP version 6.1.0, MPFR version 3.1.4, MPC version 1.0.3, isl version isl-0.18-GMP

GGC heuristics: --param ggc-min-expand=100 --param ggc-min-heapsize=131072
ignoring duplicate directory "/share/group-soft/gcc-9.1/gcc-install/include"
ignoring nonexistent directory "/share/group-soft/gcc-9.1/gcc-install/lib/gcc/x86_64-pc-linux-gnu/9.1.0/../../../../x86_64-pc-linux-gnu/include"
ignoring duplicate directory "."
  as it is a non-system directory that duplicates a system directory
#include "..." search starts here:
#include <...> search starts here:
 /share/software//compiler/intel/intel-compiler-2017.5.239/mkl/include
 .
 /share/group-soft/gcc-9.1/gcc-install/include
 /share/group-soft/gcc-9.1/gcc-install/lib/gcc/x86_64-pc-linux-gnu/9.1.0/../../../../include/c++/9.1.0
 /share/group-soft/gcc-9.1/gcc-install/lib/gcc/x86_64-pc-linux-gnu/9.1.0/../../../../include/c++/9.1.0/x86_64-pc-linux-gnu
 /share/group-soft/gcc-9.1/gcc-install/lib/gcc/x86_64-pc-linux-gnu/9.1.0/../../../../include/c++/9.1.0/backward
 /share/group-soft/gcc-9.1/gcc-install/lib/gcc/x86_64-pc-linux-gnu/9.1.0/include
 /usr/local/include
 /share/group-soft/gcc-9.1/gcc-install/lib/gcc/x86_64-pc-linux-gnu/9.1.0/include-fixed
 /usr/include
End of search list.
GNU C++14 (GCC) version 9.1.0 (x86_64-pc-linux-gnu)
	compiled by GNU C version 9.1.0, GMP version 6.1.0, MPFR version 3.1.4, MPC version 1.0.3, isl version isl-0.18-GMP

GGC heuristics: --param ggc-min-expand=100 --param ggc-min-heapsize=131072
Compiler executable checksum: 6b3926c6765b2ca7b59e6c7e6fa64896
COLLECT_GCC_OPTIONS='-v' '-o' 'CMakeFiles/cmTC_7cd22.dir/CMakeCXXCompilerABI.cpp.o' '-c' '-shared-libgcc' '-mtune=generic' '-march=x86-64'
 as -v --64 -o CMakeFiles/cmTC_7cd22.dir/CMakeCXXCompilerABI.cpp.o /tmp/ccc96HnL.s
GNU assembler version 2.25.1 (x86_64-redhat-linux) using BFD version version 2.25.1-31.base.el7 
COMPILER_PATH=/share/group-soft/gcc-9.1/gcc-install/libexec/gcc/x86_64-pc-linux-gnu/9.1.0/:/share/group-soft/gcc-9.1/gcc-install/libexec/gcc/x86_64-pc-linux-gnu/9.1.0/:/share/group-soft/gcc-9.1/gcc-install/libexec/gcc/x86_64-pc-linux-gnu/:/share/group-soft/gcc-9.1/gcc-install/lib/gcc/x86_64-pc-linux-gnu/9.1.0/:/share/group-soft/gcc-9.1/gcc-install/lib/gcc/x86_64-pc-linux-gnu/
LIBRARY_PATH=/share/group-soft/gcc-9.1/gcc-install/lib/../lib64/:/share/group-soft/gcc-9.1/gcc-install/lib/gcc/x86_64-pc-linux-gnu/9.1.0/:/share/group-soft/gcc-9.1/gcc-install/lib/gcc/x86_64-pc-linux-gnu/9.1.0/../../../../lib64/:/lib/../lib64/:/usr/lib/../lib64/:/share/software//compiler/intel/intel-compiler-2017.5.239/compiler/lib/intel64/:/share/software//compiler/intel/intel-compiler-2017.5.239/mkl/lib/intel64/:/share/software//compiler/intel/intel-compiler-2017.5.239/tbb/lib/intel64/:/share/group-soft/gcc-9.1/gcc-install/lib/:/share/group-soft/gcc-9.1/gcc-install/lib/gcc/x86_64-pc-linux-gnu/9.1.0/../../../:/lib/:/usr/lib/
COLLECT_GCC_OPTIONS='-v' '-o' 'CMakeFiles/cmTC_7cd22.dir/CMakeCXXCompilerABI.cpp.o' '-c' '-shared-libgcc' '-mtune=generic' '-march=x86-64'
Linking CXX executable cmTC_7cd22
/usr/local/bin/cmake -E cmake_link_script CMakeFiles/cmTC_7cd22.dir/link.txt --verbose=1
/share/group-soft/gcc-9.1/gcc-install/bin/c++  -v CMakeFiles/cmTC_7cd22.dir/CMakeCXXCompilerABI.cpp.o -o cmTC_7cd22 
Using built-in specs.
COLLECT_GCC=/share/group-soft/gcc-9.1/gcc-install/bin/c++
COLLECT_LTO_WRAPPER=/share/group-soft/gcc-9.1/gcc-install/libexec/gcc/x86_64-pc-linux-gnu/9.1.0/lto-wrapper
Target: x86_64-pc-linux-gnu
Configured with: ../configure --disable-checking --enable-languages=c,c++,fortran --disable-multilib --prefix=/share/group-soft/gcc-9.1/gcc-install/ --enable-threads=posix
Thread model: posix
gcc version 9.1.0 (GCC) 
COMPILER_PATH=/share/group-soft/gcc-9.1/gcc-install/libexec/gcc/x86_64-pc-linux-gnu/9.1.0/:/share/group-soft/gcc-9.1/gcc-install/libexec/gcc/x86_64-pc-linux-gnu/9.1.0/:/share/group-soft/gcc-9.1/gcc-install/libexec/gcc/x86_64-pc-linux-gnu/:/share/group-soft/gcc-9.1/gcc-install/lib/gcc/x86_64-pc-linux-gnu/9.1.0/:/share/group-soft/gcc-9.1/gcc-install/lib/gcc/x86_64-pc-linux-gnu/
LIBRARY_PATH=/share/group-soft/gcc-9.1/gcc-install/lib/../lib64/:/share/group-soft/gcc-9.1/gcc-install/lib/gcc/x86_64-pc-linux-gnu/9.1.0/:/share/group-soft/gcc-9.1/gcc-install/lib/gcc/x86_64-pc-linux-gnu/9.1.0/../../../../lib64/:/lib/../lib64/:/usr/lib/../lib64/:/share/software//compiler/intel/intel-compiler-2017.5.239/compiler/lib/intel64/:/share/software//compiler/intel/intel-compiler-2017.5.239/mkl/lib/intel64/:/share/software//compiler/intel/intel-compiler-2017.5.239/tbb/lib/intel64/:/share/group-soft/gcc-9.1/gcc-install/lib/:/share/group-soft/gcc-9.1/gcc-install/lib/gcc/x86_64-pc-linux-gnu/9.1.0/../../../:/lib/:/usr/lib/
COLLECT_GCC_OPTIONS='-v' '-o' 'cmTC_7cd22' '-shared-libgcc' '-mtune=generic' '-march=x86-64'
 /share/group-soft/gcc-9.1/gcc-install/libexec/gcc/x86_64-pc-linux-gnu/9.1.0/collect2 -plugin /share/group-soft/gcc-9.1/gcc-install/libexec/gcc/x86_64-pc-linux-gnu/9.1.0/liblto_plugin.so -plugin-opt=/share/group-soft/gcc-9.1/gcc-install/libexec/gcc/x86_64-pc-linux-gnu/9.1.0/lto-wrapper -plugin-opt=-fresolution=/tmp/ccco6SZL.res -plugin-opt=-pass-through=-lgcc_s -plugin-opt=-pass-through=-lgcc -plugin-opt=-pass-through=-lc -plugin-opt=-pass-through=-lgcc_s -plugin-opt=-pass-through=-lgcc --eh-frame-hdr -m elf_x86_64 -dynamic-linker /lib64/ld-linux-x86-64.so.2 -o cmTC_7cd22 /lib/../lib64/crt1.o /lib/../lib64/crti.o /share/group-soft/gcc-9.1/gcc-install/lib/gcc/x86_64-pc-linux-gnu/9.1.0/crtbegin.o -L/share/group-soft/gcc-9.1/gcc-install/lib/../lib64 -L/share/group-soft/gcc-9.1/gcc-install/lib/gcc/x86_64-pc-linux-gnu/9.1.0 -L/share/group-soft/gcc-9.1/gcc-install/lib/gcc/x86_64-pc-linux-gnu/9.1.0/../../../../lib64 -L/lib/../lib64 -L/usr/lib/../lib64 -L/share/software//compiler/intel/intel-compiler-2017.5.239/compiler/lib/intel64 -L/share/software//compiler/intel/intel-compiler-2017.5.239/mkl/lib/intel64 -L/share/software//compiler/intel/intel-compiler-2017.5.239/tbb/lib/intel64 -L/share/group-soft/gcc-9.1/gcc-install/lib -L/share/group-soft/gcc-9.1/gcc-install/lib/gcc/x86_64-pc-linux-gnu/9.1.0/../../.. CMakeFiles/cmTC_7cd22.dir/CMakeCXXCompilerABI.cpp.o -lstdc++ -lm -lgcc_s -lgcc -lc -lgcc_s -lgcc /share/group-soft/gcc-9.1/gcc-install/lib/gcc/x86_64-pc-linux-gnu/9.1.0/crtend.o /lib/../lib64/crtn.o
COLLECT_GCC_OPTIONS='-v' '-o' 'cmTC_7cd22' '-shared-libgcc' '-mtune=generic' '-march=x86-64'
gmake[1]: Leaving directory `/group/zyl/program/reann/code/reann/lammps-interface/build/CMakeFiles/CMakeTmp'



Parsed CXX implicit include dir info from above output: rv=done
  found start of include info
  found start of implicit include info
    add: [/share/software//compiler/intel/intel-compiler-2017.5.239/mkl/include]
    add: [.]
    add: [/share/group-soft/gcc-9.1/gcc-install/include]
    add: [/share/group-soft/gcc-9.1/gcc-install/lib/gcc/x86_64-pc-linux-gnu/9.1.0/../../../../include/c++/9.1.0]
    add: [/share/group-soft/gcc-9.1/gcc-install/lib/gcc/x86_64-pc-linux-gnu/9.1.0/../../../../include/c++/9.1.0/x86_64-pc-linux-gnu]
    add: [/share/group-soft/gcc-9.1/gcc-install/lib/gcc/x86_64-pc-linux-gnu/9.1.0/../../../../include/c++/9.1.0/backward]
    add: [/share/group-soft/gcc-9.1/gcc-install/lib/gcc/x86_64-pc-linux-gnu/9.1.0/include]
    add: [/usr/local/include]
    add: [/share/group-soft/gcc-9.1/gcc-install/lib/gcc/x86_64-pc-linux-gnu/9.1.0/include-fixed]
    add: [/usr/include]
  end of search list found
  collapse include dir [/share/software//compiler/intel/intel-compiler-2017.5.239/mkl/include] ==> [/share/software/compiler/intel/intel-compiler-2017.5.239/mkl/include]
  skipping relative include dir [.]
  collapse include dir [/share/group-soft/gcc-9.1/gcc-install/include] ==> [/share/group-soft/gcc-9.1/gcc-install/include]
  collapse include dir [/share/group-soft/gcc-9.1/gcc-install/lib/gcc/x86_64-pc-linux-gnu/9.1.0/../../../../include/c++/9.1.0] ==> [/share/group-soft/gcc-9.1/gcc-install/include/c++/9.1.0]
  collapse include dir [/share/group-soft/gcc-9.1/gcc-install/lib/gcc/x86_64-pc-linux-gnu/9.1.0/../../../../include/c++/9.1.0/x86_64-pc-linux-gnu] ==> [/share/group-soft/gcc-9.1/gcc-install/include/c++/9.1.0/x86_64-pc-linux-gnu]
  collapse include dir [/share/group-soft/gcc-9.1/gcc-install/lib/gcc/x86_64-pc-linux-gnu/9.1.0/../../../../include/c++/9.1.0/backward] ==> [/share/group-soft/gcc-9.1/gcc-install/include/c++/9.1.0/backward]
  collapse include dir [/share/group-soft/gcc-9.1/gcc-install/lib/gcc/x86_64-pc-linux-gnu/9.1.0/include] ==> [/share/group-soft/gcc-9.1/gcc-install/lib/gcc/x86_64-pc-linux-gnu/9.1.0/include]
  collapse include dir [/usr/local/include] ==> [/usr/local/include]
  collapse include dir [/share/group-soft/gcc-9.1/gcc-install/lib/gcc/x86_64-pc-linux-gnu/9.1.0/include-fixed] ==> [/share/group-soft/gcc-9.1/gcc-install/lib/gcc/x86_64-pc-linux-gnu/9.1.0/include-fixed]
  collapse include dir [/usr/include] ==> [/usr/include]
  implicit include dirs: [/share/software/compiler/intel/intel-compiler-2017.5.239/mkl/include;/share/group-soft/gcc-9.1/gcc-install/include;/share/group-soft/gcc-9.1/gcc-install/include/c++/9.1.0;/share/group-soft/gcc-9.1/gcc-install/include/c++/9.1.0/x86_64-pc-linux-gnu;/share/group-soft/gcc-9.1/gcc-install/include/c++/9.1.0/backward;/share/group-soft/gcc-9.1/gcc-install/lib/gcc/x86_64-pc-linux-gnu/9.1.0/include;/usr/local/include;/share/group-soft/gcc-9.1/gcc-install/lib/gcc/x86_64-pc-linux-gnu/9.1.0/include-fixed;/usr/include]


Parsed CXX implicit link information from above output:
  link line regex: [^( *|.*[/\])(ld|CMAKE_LINK_STARTFILE-NOTFOUND|([^/\]+-)?ld|collect2)[^/\]*( |$)]
  ignore line: [Change Dir: /group/zyl/program/reann/code/reann/lammps-interface/build/CMakeFiles/CMakeTmp]
  ignore line: []
  ignore line: [Run Build Command(s):/usr/bin/gmake cmTC_7cd22/fast && /usr/bin/gmake  -f CMakeFiles/cmTC_7cd22.dir/build.make CMakeFiles/cmTC_7cd22.dir/build]
  ignore line: [gmake[1]: Entering directory `/group/zyl/program/reann/code/reann/lammps-interface/build/CMakeFiles/CMakeTmp']
  ignore line: [Building CXX object CMakeFiles/cmTC_7cd22.dir/CMakeCXXCompilerABI.cpp.o]
  ignore line: [/share/group-soft/gcc-9.1/gcc-install/bin/c++   -v -o CMakeFiles/cmTC_7cd22.dir/CMakeCXXCompilerABI.cpp.o -c /usr/local/share/cmake-3.19/Modules/CMakeCXXCompilerABI.cpp]
  ignore line: [Using built-in specs.]
  ignore line: [COLLECT_GCC=/share/group-soft/gcc-9.1/gcc-install/bin/c++]
  ignore line: [Target: x86_64-pc-linux-gnu]
  ignore line: [Configured with: ../configure --disable-checking --enable-languages=c c++ fortran --disable-multilib --prefix=/share/group-soft/gcc-9.1/gcc-install/ --enable-threads=posix]
  ignore line: [Thread model: posix]
  ignore line: [gcc version 9.1.0 (GCC) ]
  ignore line: [COLLECT_GCC_OPTIONS='-v' '-o' 'CMakeFiles/cmTC_7cd22.dir/CMakeCXXCompilerABI.cpp.o' '-c' '-shared-libgcc' '-mtune=generic' '-march=x86-64']
  ignore line: [ /share/group-soft/gcc-9.1/gcc-install/libexec/gcc/x86_64-pc-linux-gnu/9.1.0/cc1plus -quiet -v -D_GNU_SOURCE /usr/local/share/cmake-3.19/Modules/CMakeCXXCompilerABI.cpp -quiet -dumpbase CMakeCXXCompilerABI.cpp -mtune=generic -march=x86-64 -auxbase-strip CMakeFiles/cmTC_7cd22.dir/CMakeCXXCompilerABI.cpp.o -version -o /tmp/ccc96HnL.s]
  ignore line: [GNU C++14 (GCC) version 9.1.0 (x86_64-pc-linux-gnu)]
  ignore line: [	compiled by GNU C version 9.1.0  GMP version 6.1.0  MPFR version 3.1.4  MPC version 1.0.3  isl version isl-0.18-GMP]
  ignore line: []
  ignore line: [GGC heuristics: --param ggc-min-expand=100 --param ggc-min-heapsize=131072]
  ignore line: [ignoring duplicate directory "/share/group-soft/gcc-9.1/gcc-install/include"]
  ignore line: [ignoring nonexistent directory "/share/group-soft/gcc-9.1/gcc-install/lib/gcc/x86_64-pc-linux-gnu/9.1.0/../../../../x86_64-pc-linux-gnu/include"]
  ignore line: [ignoring duplicate directory "."]
  ignore line: [  as it is a non-system directory that duplicates a system directory]
  ignore line: [#include "..." search starts here:]
  ignore line: [#include <...> search starts here:]
  ignore line: [ /share/software//compiler/intel/intel-compiler-2017.5.239/mkl/include]
  ignore line: [ .]
  ignore line: [ /share/group-soft/gcc-9.1/gcc-install/include]
  ignore line: [ /share/group-soft/gcc-9.1/gcc-install/lib/gcc/x86_64-pc-linux-gnu/9.1.0/../../../../include/c++/9.1.0]
  ignore line: [ /share/group-soft/gcc-9.1/gcc-install/lib/gcc/x86_64-pc-linux-gnu/9.1.0/../../../../include/c++/9.1.0/x86_64-pc-linux-gnu]
  ignore line: [ /share/group-soft/gcc-9.1/gcc-install/lib/gcc/x86_64-pc-linux-gnu/9.1.0/../../../../include/c++/9.1.0/backward]
  ignore line: [ /share/group-soft/gcc-9.1/gcc-install/lib/gcc/x86_64-pc-linux-gnu/9.1.0/include]
  ignore line: [ /usr/local/include]
  ignore line: [ /share/group-soft/gcc-9.1/gcc-install/lib/gcc/x86_64-pc-linux-gnu/9.1.0/include-fixed]
  ignore line: [ /usr/include]
  ignore line: [End of search list.]
  ignore line: [GNU C++14 (GCC) version 9.1.0 (x86_64-pc-linux-gnu)]
  ignore line: [	compiled by GNU C version 9.1.0  GMP version 6.1.0  MPFR version 3.1.4  MPC version 1.0.3  isl version isl-0.18-GMP]
  ignore line: []
  ignore line: [GGC heuristics: --param ggc-min-expand=100 --param ggc-min-heapsize=131072]
  ignore line: [Compiler executable checksum: 6b3926c6765b2ca7b59e6c7e6fa64896]
  ignore line: [COLLECT_GCC_OPTIONS='-v' '-o' 'CMakeFiles/cmTC_7cd22.dir/CMakeCXXCompilerABI.cpp.o' '-c' '-shared-libgcc' '-mtune=generic' '-march=x86-64']
  ignore line: [ as -v --64 -o CMakeFiles/cmTC_7cd22.dir/CMakeCXXCompilerABI.cpp.o /tmp/ccc96HnL.s]
  ignore line: [GNU assembler version 2.25.1 (x86_64-redhat-linux) using BFD version version 2.25.1-31.base.el7 ]
  ignore line: [COMPILER_PATH=/share/group-soft/gcc-9.1/gcc-install/libexec/gcc/x86_64-pc-linux-gnu/9.1.0/:/share/group-soft/gcc-9.1/gcc-install/libexec/gcc/x86_64-pc-linux-gnu/9.1.0/:/share/group-soft/gcc-9.1/gcc-install/libexec/gcc/x86_64-pc-linux-gnu/:/share/group-soft/gcc-9.1/gcc-install/lib/gcc/x86_64-pc-linux-gnu/9.1.0/:/share/group-soft/gcc-9.1/gcc-install/lib/gcc/x86_64-pc-linux-gnu/]
  ignore line: [LIBRARY_PATH=/share/group-soft/gcc-9.1/gcc-install/lib/../lib64/:/share/group-soft/gcc-9.1/gcc-install/lib/gcc/x86_64-pc-linux-gnu/9.1.0/:/share/group-soft/gcc-9.1/gcc-install/lib/gcc/x86_64-pc-linux-gnu/9.1.0/../../../../lib64/:/lib/../lib64/:/usr/lib/../lib64/:/share/software//compiler/intel/intel-compiler-2017.5.239/compiler/lib/intel64/:/share/software//compiler/intel/intel-compiler-2017.5.239/mkl/lib/intel64/:/share/software//compiler/intel/intel-compiler-2017.5.239/tbb/lib/intel64/:/share/group-soft/gcc-9.1/gcc-install/lib/:/share/group-soft/gcc-9.1/gcc-install/lib/gcc/x86_64-pc-linux-gnu/9.1.0/../../../:/lib/:/usr/lib/]
  ignore line: [COLLECT_GCC_OPTIONS='-v' '-o' 'CMakeFiles/cmTC_7cd22.dir/CMakeCXXCompilerABI.cpp.o' '-c' '-shared-libgcc' '-mtune=generic' '-march=x86-64']
  ignore line: [Linking CXX executable cmTC_7cd22]
  ignore line: [/usr/local/bin/cmake -E cmake_link_script CMakeFiles/cmTC_7cd22.dir/link.txt --verbose=1]
  ignore line: [/share/group-soft/gcc-9.1/gcc-install/bin/c++  -v CMakeFiles/cmTC_7cd22.dir/CMakeCXXCompilerABI.cpp.o -o cmTC_7cd22 ]
  ignore line: [Using built-in specs.]
  ignore line: [COLLECT_GCC=/share/group-soft/gcc-9.1/gcc-install/bin/c++]
  ignore line: [COLLECT_LTO_WRAPPER=/share/group-soft/gcc-9.1/gcc-install/libexec/gcc/x86_64-pc-linux-gnu/9.1.0/lto-wrapper]
  ignore line: [Target: x86_64-pc-linux-gnu]
  ignore line: [Configured with: ../configure --disable-checking --enable-languages=c c++ fortran --disable-multilib --prefix=/share/group-soft/gcc-9.1/gcc-install/ --enable-threads=posix]
  ignore line: [Thread model: posix]
  ignore line: [gcc version 9.1.0 (GCC) ]
  ignore line: [COMPILER_PATH=/share/group-soft/gcc-9.1/gcc-install/libexec/gcc/x86_64-pc-linux-gnu/9.1.0/:/share/group-soft/gcc-9.1/gcc-install/libexec/gcc/x86_64-pc-linux-gnu/9.1.0/:/share/group-soft/gcc-9.1/gcc-install/libexec/gcc/x86_64-pc-linux-gnu/:/share/group-soft/gcc-9.1/gcc-install/lib/gcc/x86_64-pc-linux-gnu/9.1.0/:/share/group-soft/gcc-9.1/gcc-install/lib/gcc/x86_64-pc-linux-gnu/]
  ignore line: [LIBRARY_PATH=/share/group-soft/gcc-9.1/gcc-install/lib/../lib64/:/share/group-soft/gcc-9.1/gcc-install/lib/gcc/x86_64-pc-linux-gnu/9.1.0/:/share/group-soft/gcc-9.1/gcc-install/lib/gcc/x86_64-pc-linux-gnu/9.1.0/../../../../lib64/:/lib/../lib64/:/usr/lib/../lib64/:/share/software//compiler/intel/intel-compiler-2017.5.239/compiler/lib/intel64/:/share/software//compiler/intel/intel-compiler-2017.5.239/mkl/lib/intel64/:/share/software//compiler/intel/intel-compiler-2017.5.239/tbb/lib/intel64/:/share/group-soft/gcc-9.1/gcc-install/lib/:/share/group-soft/gcc-9.1/gcc-install/lib/gcc/x86_64-pc-linux-gnu/9.1.0/../../../:/lib/:/usr/lib/]
  ignore line: [COLLECT_GCC_OPTIONS='-v' '-o' 'cmTC_7cd22' '-shared-libgcc' '-mtune=generic' '-march=x86-64']
  link line: [ /share/group-soft/gcc-9.1/gcc-install/libexec/gcc/x86_64-pc-linux-gnu/9.1.0/collect2 -plugin /share/group-soft/gcc-9.1/gcc-install/libexec/gcc/x86_64-pc-linux-gnu/9.1.0/liblto_plugin.so -plugin-opt=/share/group-soft/gcc-9.1/gcc-install/libexec/gcc/x86_64-pc-linux-gnu/9.1.0/lto-wrapper -plugin-opt=-fresolution=/tmp/ccco6SZL.res -plugin-opt=-pass-through=-lgcc_s -plugin-opt=-pass-through=-lgcc -plugin-opt=-pass-through=-lc -plugin-opt=-pass-through=-lgcc_s -plugin-opt=-pass-through=-lgcc --eh-frame-hdr -m elf_x86_64 -dynamic-linker /lib64/ld-linux-x86-64.so.2 -o cmTC_7cd22 /lib/../lib64/crt1.o /lib/../lib64/crti.o /share/group-soft/gcc-9.1/gcc-install/lib/gcc/x86_64-pc-linux-gnu/9.1.0/crtbegin.o -L/share/group-soft/gcc-9.1/gcc-install/lib/../lib64 -L/share/group-soft/gcc-9.1/gcc-install/lib/gcc/x86_64-pc-linux-gnu/9.1.0 -L/share/group-soft/gcc-9.1/gcc-install/lib/gcc/x86_64-pc-linux-gnu/9.1.0/../../../../lib64 -L/lib/../lib64 -L/usr/lib/../lib64 -L/share/software//compiler/intel/intel-compiler-2017.5.239/compiler/lib/intel64 -L/share/software//compiler/intel/intel-compiler-2017.5.239/mkl/lib/intel64 -L/share/software//compiler/intel/intel-compiler-2017.5.239/tbb/lib/intel64 -L/share/group-soft/gcc-9.1/gcc-install/lib -L/share/group-soft/gcc-9.1/gcc-install/lib/gcc/x86_64-pc-linux-gnu/9.1.0/../../.. CMakeFiles/cmTC_7cd22.dir/CMakeCXXCompilerABI.cpp.o -lstdc++ -lm -lgcc_s -lgcc -lc -lgcc_s -lgcc /share/group-soft/gcc-9.1/gcc-install/lib/gcc/x86_64-pc-linux-gnu/9.1.0/crtend.o /lib/../lib64/crtn.o]
    arg [/share/group-soft/gcc-9.1/gcc-install/libexec/gcc/x86_64-pc-linux-gnu/9.1.0/collect2] ==> ignore
    arg [-plugin] ==> ignore
    arg [/share/group-soft/gcc-9.1/gcc-install/libexec/gcc/x86_64-pc-linux-gnu/9.1.0/liblto_plugin.so] ==> ignore
    arg [-plugin-opt=/share/group-soft/gcc-9.1/gcc-install/libexec/gcc/x86_64-pc-linux-gnu/9.1.0/lto-wrapper] ==> ignore
    arg [-plugin-opt=-fresolution=/tmp/ccco6SZL.res] ==> ignore
    arg [-plugin-opt=-pass-through=-lgcc_s] ==> ignore
    arg [-plugin-opt=-pass-through=-lgcc] ==> ignore
    arg [-plugin-opt=-pass-through=-lc] ==> ignore
    arg [-plugin-opt=-pass-through=-lgcc_s] ==> ignore
    arg [-plugin-opt=-pass-through=-lgcc] ==> ignore
    arg [--eh-frame-hdr] ==> ignore
    arg [-m] ==> ignore
    arg [elf_x86_64] ==> ignore
    arg [-dynamic-linker] ==> ignore
    arg [/lib64/ld-linux-x86-64.so.2] ==> ignore
    arg [-o] ==> ignore
    arg [cmTC_7cd22] ==> ignore
    arg [/lib/../lib64/crt1.o] ==> ignore
    arg [/lib/../lib64/crti.o] ==> ignore
    arg [/share/group-soft/gcc-9.1/gcc-install/lib/gcc/x86_64-pc-linux-gnu/9.1.0/crtbegin.o] ==> ignore
    arg [-L/share/group-soft/gcc-9.1/gcc-install/lib/../lib64] ==> dir [/share/group-soft/gcc-9.1/gcc-install/lib/../lib64]
    arg [-L/share/group-soft/gcc-9.1/gcc-install/lib/gcc/x86_64-pc-linux-gnu/9.1.0] ==> dir [/share/group-soft/gcc-9.1/gcc-install/lib/gcc/x86_64-pc-linux-gnu/9.1.0]
    arg [-L/share/group-soft/gcc-9.1/gcc-install/lib/gcc/x86_64-pc-linux-gnu/9.1.0/../../../../lib64] ==> dir [/share/group-soft/gcc-9.1/gcc-install/lib/gcc/x86_64-pc-linux-gnu/9.1.0/../../../../lib64]
    arg [-L/lib/../lib64] ==> dir [/lib/../lib64]
    arg [-L/usr/lib/../lib64] ==> dir [/usr/lib/../lib64]
    arg [-L/share/software//compiler/intel/intel-compiler-2017.5.239/compiler/lib/intel64] ==> dir [/share/software//compiler/intel/intel-compiler-2017.5.239/compiler/lib/intel64]
    arg [-L/share/software//compiler/intel/intel-compiler-2017.5.239/mkl/lib/intel64] ==> dir [/share/software//compiler/intel/intel-compiler-2017.5.239/mkl/lib/intel64]
    arg [-L/share/software//compiler/intel/intel-compiler-2017.5.239/tbb/lib/intel64] ==> dir [/share/software//compiler/intel/intel-compiler-2017.5.239/tbb/lib/intel64]
    arg [-L/share/group-soft/gcc-9.1/gcc-install/lib] ==> dir [/share/group-soft/gcc-9.1/gcc-install/lib]
    arg [-L/share/group-soft/gcc-9.1/gcc-install/lib/gcc/x86_64-pc-linux-gnu/9.1.0/../../..] ==> dir [/share/group-soft/gcc-9.1/gcc-install/lib/gcc/x86_64-pc-linux-gnu/9.1.0/../../..]
    arg [CMakeFiles/cmTC_7cd22.dir/CMakeCXXCompilerABI.cpp.o] ==> ignore
    arg [-lstdc++] ==> lib [stdc++]
    arg [-lm] ==> lib [m]
    arg [-lgcc_s] ==> lib [gcc_s]
    arg [-lgcc] ==> lib [gcc]
    arg [-lc] ==> lib [c]
    arg [-lgcc_s] ==> lib [gcc_s]
    arg [-lgcc] ==> lib [gcc]
    arg [/share/group-soft/gcc-9.1/gcc-install/lib/gcc/x86_64-pc-linux-gnu/9.1.0/crtend.o] ==> ignore
    arg [/lib/../lib64/crtn.o] ==> ignore
  collapse library dir [/share/group-soft/gcc-9.1/gcc-install/lib/../lib64] ==> [/share/group-soft/gcc-9.1/gcc-install/lib64]
  collapse library dir [/share/group-soft/gcc-9.1/gcc-install/lib/gcc/x86_64-pc-linux-gnu/9.1.0] ==> [/share/group-soft/gcc-9.1/gcc-install/lib/gcc/x86_64-pc-linux-gnu/9.1.0]
  collapse library dir [/share/group-soft/gcc-9.1/gcc-install/lib/gcc/x86_64-pc-linux-gnu/9.1.0/../../../../lib64] ==> [/share/group-soft/gcc-9.1/gcc-install/lib64]
  collapse library dir [/lib/../lib64] ==> [/lib64]
  collapse library dir [/usr/lib/../lib64] ==> [/usr/lib64]
  collapse library dir [/share/software//compiler/intel/intel-compiler-2017.5.239/compiler/lib/intel64] ==> [/share/software/compiler/intel/intel-compiler-2017.5.239/compiler/lib/intel64]
  collapse library dir [/share/software//compiler/intel/intel-compiler-2017.5.239/mkl/lib/intel64] ==> [/share/software/compiler/intel/intel-compiler-2017.5.239/mkl/lib/intel64]
  collapse library dir [/share/software//compiler/intel/intel-compiler-2017.5.239/tbb/lib/intel64] ==> [/share/software/compiler/intel/intel-compiler-2017.5.239/tbb/lib/intel64]
  collapse library dir [/share/group-soft/gcc-9.1/gcc-install/lib] ==> [/share/group-soft/gcc-9.1/gcc-install/lib]
  collapse library dir [/share/group-soft/gcc-9.1/gcc-install/lib/gcc/x86_64-pc-linux-gnu/9.1.0/../../..] ==> [/share/group-soft/gcc-9.1/gcc-install/lib]
  implicit libs: [stdc++;m;gcc_s;gcc;c;gcc_s;gcc]
  implicit dirs: [/share/group-soft/gcc-9.1/gcc-install/lib64;/share/group-soft/gcc-9.1/gcc-install/lib/gcc/x86_64-pc-linux-gnu/9.1.0;/lib64;/usr/lib64;/share/software/compiler/intel/intel-compiler-2017.5.239/compiler/lib/intel64;/share/software/compiler/intel/intel-compiler-2017.5.239/mkl/lib/intel64;/share/software/compiler/intel/intel-compiler-2017.5.239/tbb/lib/intel64;/share/group-soft/gcc-9.1/gcc-install/lib]
  implicit fwks: []


